<?xml version="1.0" encoding="UTF-8"?>
<!-- Generated by org.testng.reporters.JUnitXMLReporter -->
<testsuite ignored="3" hostname="DESKTOP-OFA3VR4" failures="0" tests="1" name="Test" time="91.957" errors="0" timestamp="2025-10-23T11:25:38 IST">
  <testcase classname="com.tests.UserManagementTest" name="testCompleteUserManagementFlow" time="79.058"/>
  <testcase classname="com.tests.UserManagementTest" name="testLoginOnly" time="0.0">
    <ignored/>
  </testcase> <!-- testLoginOnly -->
  <testcase classname="com.tests.UserManagementTest" name="testSearchUserOnly" time="0.0">
    <ignored/>
  </testcase> <!-- testSearchUserOnly -->
  <testcase classname="com.tests.UserManagementTest" name="testAddUserOnly" time="0.0">
    <ignored/>
  </testcase> <!-- testAddUserOnly -->
</testsuite> <!-- Test -->
