<?xml version="1.0" encoding="UTF-8"?>
<testng-results ignored="3" total="4" passed="1" failed="0" skipped="0">
  <reporter-output>
  </reporter-output>
  <suite started-at="2025-10-23T11:24:06 IST" name="Suite" finished-at="2025-10-23T11:25:38 IST" duration-ms="91957">
    <groups>
    </groups>
    <test started-at="2025-10-23T11:24:06 IST" name="Test" finished-at="2025-10-23T11:25:38 IST" duration-ms="91957">
      <class name="com.tests.UserManagementTest">
        <test-method is-config="true" signature="setUp()[pri:0, instance:com.tests.UserManagementTest@799f10e1]" started-at="2025-10-23T11:24:06 IST" name="setUp" finished-at="2025-10-23T11:24:19 IST" duration-ms="12583" status="PASS">
          <reporter-output>
          </reporter-output>
        </test-method> <!-- setUp -->
        <test-method is-config="true" signature="initializePages()[pri:0, instance:com.tests.UserManagementTest@799f10e1]" started-at="2025-10-23T11:24:19 IST" name="initializePages" finished-at="2025-10-23T11:24:19 IST" duration-ms="2" status="PASS">
          <reporter-output>
          </reporter-output>
        </test-method> <!-- initializePages -->
        <test-method signature="testCompleteUserManagementFlow()[pri:1, instance:com.tests.UserManagementTest@799f10e1]" started-at="2025-10-23T11:24:19 IST" name="testCompleteUserManagementFlow" description="Complete User Management Flow: Login, Add, Search, Delete, Logout" finished-at="2025-10-23T11:25:38 IST" duration-ms="79058" status="PASS">
          <reporter-output>
          </reporter-output>
        </test-method> <!-- testCompleteUserManagementFlow -->
        <test-method is-config="true" signature="tearDown()[pri:0, instance:com.tests.UserManagementTest@799f10e1]" started-at="2025-10-23T11:25:38 IST" name="tearDown" finished-at="2025-10-23T11:25:38 IST" duration-ms="261" status="PASS">
          <reporter-output>
          </reporter-output>
        </test-method> <!-- tearDown -->
      </class> <!-- com.tests.UserManagementTest -->
    </test> <!-- Test -->
  </suite> <!-- Suite -->
</testng-results>
